#
# There is insufficient memory for the Java Runtime Environment to continue.
# Native memory allocation (malloc) failed to allocate 1048576 bytes. Error detail: AllocateHeap
# Possible reasons:
#   The system is out of physical RAM or swap space
#   This process is running with CompressedOops enabled, and the Java Heap may be blocking the growth of the native heap
# Possible solutions:
#   Reduce memory load on the system
#   Increase physical memory or swap space
#   Check if swap backing store is full
#   Decrease Java heap size (-Xmx/-Xms)
#   Decrease number of Java threads
#   Decrease Java thread stack sizes (-Xss)
#   Set larger code cache with -XX:ReservedCodeCacheSize=
#   JVM is running with Unscaled Compressed Oops mode in which the Java heap is
#     placed in the first 4GB address space. The Java Heap base address is the
#     maximum limit for the native heap growth. Please use -XX:HeapBaseMinAddress
#     to set the Java Heap base and to place the Java Heap above 4GB virtual address.
# This output file may be truncated or incomplete.
#
#  Out of Memory Error (allocation.cpp:44), pid=5832, tid=17436
#
# JRE version: OpenJDK Runtime Environment Temurin-21.0.10+7 (21.0.10+7) (build 21.0.10+7-LTS)
# Java VM: OpenJDK 64-Bit Server VM Temurin-21.0.10+7 (21.0.10+7-LTS, mixed mode, sharing, tiered, compressed oops, compressed class ptrs, parallel gc, windows-amd64)
# No core dump will be written. Minidumps are not enabled by default on client versions of Windows
#

---------------  S U M M A R Y ------------

Command Line: --add-modules=ALL-SYSTEM --add-opens=java.base/java.util=ALL-UNNAMED --add-opens=java.base/java.lang=ALL-UNNAMED --add-opens=java.base/sun.nio.fs=ALL-UNNAMED -Declipse.application=org.eclipse.jdt.ls.core.id1 -Dosgi.bundles.defaultStartLevel=4 -Declipse.product=org.eclipse.jdt.ls.core.product -Djava.import.generatesMetadataFilesAtProjectRoot=false -DDetectVMInstallationsJob.disabled=true -Dfile.encoding=utf8 -XX:+UseParallelGC -XX:GCTimeRatio=4 -XX:AdaptiveSizePolicyWeight=90 -Dsun.zip.disableMemoryMapping=true -Xmx2G -Xms100m -Xlog:disable -javaagent:c:\Users\alexa\.vscode-insiders\extensions\redhat.java-1.54.2026040108-win32-x64\lombok\lombok-1.18.39-4050.jar -XX:+HeapDumpOnOutOfMemoryError -XX:HeapDumpPath=c:\Users\alexa\AppData\Roaming\Code - Insiders\User\workspaceStorage\bface7c822dfd51296135411ba189900\redhat.java -Daether.dependencyCollector.impl=bf -Djdt.core.sharedIndexLocation=C:\Users\alexa\AppData\Roaming\.jdt\index -XX:+UnlockDiagnosticVMOptions -XX:+AllowArchivingWithJavaAgent -XX:+AutoCreateSharedArchive -XX:SharedArchiveFile=c:\Users\alexa\AppData\Roaming\Code - Insiders\User\globalStorage\redhat.java\1.54.2026040108\jdtls.jsa c:\Users\alexa\.vscode-insiders\extensions\redhat.java-1.54.2026040108-win32-x64\server\plugins\org.eclipse.equinox.launcher_1.7.100.v20251111-0406.jar -configuration c:\Users\alexa\AppData\Roaming\Code - Insiders\User\globalStorage\redhat.java\1.54.2026040108\config_win -data c:\Users\alexa\AppData\Roaming\Code - Insiders\User\workspaceStorage\bface7c822dfd51296135411ba189900\redhat.java\jdt_ws --pipe=\\.\pipe\lsp-3fcc3b549d13e71a21addfcd964dff6b-sock

Host: Intel(R) Pentium(R) CPU 4415U @ 2.30GHz, 4 cores, 3G,  Windows 10 , 64 bit Build 19041 (10.0.19041.6807)
Time: Thu Apr  9 11:48:58 2026 elapsed time: 1406.540570 seconds (0d 0h 23m 26s)

---------------  T H R E A D  ---------------

Current thread (0x00000206aba38c30):  JavaThread "Attach Listener" daemon [_thread_in_vm, id=17436, stack(0x0000006525500000,0x0000006525600000) (1024K)]

Stack: [0x0000006525500000,0x0000006525600000]
Native frames: (J=compiled Java code, j=interpreted, Vv=VM code, C=native code)
V  [jvm.dll+0x6d7a39]
V  [jvm.dll+0x8b4b26]
V  [jvm.dll+0x8b70de]
V  [jvm.dll+0x8b77c3]
V  [jvm.dll+0x284346]
V  [jvm.dll+0xc1277]
V  [jvm.dll+0x6d82e9]
V  [jvm.dll+0x1334a6]
V  [jvm.dll+0x3f857e]
V  [jvm.dll+0x85f59d]
V  [jvm.dll+0x6d626d]
C  [ucrtbase.dll+0x21bb2]
C  [KERNEL32.DLL+0x17374]
C  [ntdll.dll+0x4cc91]


---------------  P R O C E S S  ---------------

Threads class SMR info:
_java_thread_list=0x0000020718bce140, length=36, elements={
0x00000206abb47800, 0x00000206aba343d0, 0x00000206abbfe370, 0x00000206aba37bb0,
0x00000206aba38c30, 0x00000206aba3a6a0, 0x00000206aba3b100, 0x00000206aba3bf40,
0x00000206abaacde0, 0x0000020708280f50, 0x000002070838a820, 0x00000207081cb520,
0x00000207088fd230, 0x000002070870e670, 0x00000207087b4ab0, 0x000002070d1e0630,
0x00000207087e5f70, 0x00000207081c7590, 0x0000020708570df0, 0x0000020708571480,
0x00000207085721a0, 0x0000020708570760, 0x000002070d74a580, 0x000002070d74e090,
0x000002070d74cce0, 0x000002070d74c650, 0x000002070d74fad0, 0x000002070d74b930,
0x000002070d7507f0, 0x000002070d749ef0, 0x000002070e6da2f0, 0x000002070e6d88b0,
0x000002070e6d8220, 0x000002070d74b2a0, 0x000002070d74d370, 0x000002070d74edb0
}

Java Threads: ( => current thread )
  0x00000206abb47800 JavaThread "main"                              [_thread_blocked, id=10696, stack(0x0000006524e00000,0x0000006524f00000) (1024K)]
  0x00000206aba343d0 JavaThread "Reference Handler"          daemon [_thread_blocked, id=26344, stack(0x0000006525200000,0x0000006525300000) (1024K)]
  0x00000206abbfe370 JavaThread "Finalizer"                  daemon [_thread_blocked, id=26828, stack(0x0000006525300000,0x0000006525400000) (1024K)]
  0x00000206aba37bb0 JavaThread "Signal Dispatcher"          daemon [_thread_blocked, id=19608, stack(0x0000006525400000,0x0000006525500000) (1024K)]
=>0x00000206aba38c30 JavaThread "Attach Listener"            daemon [_thread_in_vm, id=17436, stack(0x0000006525500000,0x0000006525600000) (1024K)]
  0x00000206aba3a6a0 JavaThread "Service Thread"             daemon [_thread_blocked, id=10792, stack(0x0000006525600000,0x0000006525700000) (1024K)]
  0x00000206aba3b100 JavaThread "Monitor Deflation Thread"   daemon [_thread_blocked, id=31264, stack(0x0000006525700000,0x0000006525800000) (1024K)]
  0x00000206aba3bf40 JavaThread "C2 CompilerThread0"         daemon [_thread_blocked, id=5108, stack(0x0000006525800000,0x0000006525900000) (1024K)]
  0x00000206abaacde0 JavaThread "C1 CompilerThread0"         daemon [_thread_blocked, id=12040, stack(0x0000006525900000,0x0000006525a00000) (1024K)]
  0x0000020708280f50 JavaThread "Common-Cleaner"             daemon [_thread_blocked, id=11872, stack(0x0000006525a00000,0x0000006525b00000) (1024K)]
  0x000002070838a820 JavaThread "Notification Thread"        daemon [_thread_blocked, id=14620, stack(0x0000006525b00000,0x0000006525c00000) (1024K)]
  0x00000207081cb520 JavaThread "Active Thread: Equinox Container: ecbc723a-92e3-4150-a85d-4fc97eed88f9"        [_thread_blocked, id=8928, stack(0x0000006525f00000,0x0000006526000000) (1024K)]
  0x00000207088fd230 JavaThread "Refresh Thread: Equinox Container: ecbc723a-92e3-4150-a85d-4fc97eed88f9" daemon [_thread_blocked, id=28320, stack(0x0000006524c00000,0x0000006524d00000) (1024K)]
  0x000002070870e670 JavaThread "Framework Event Dispatcher: Equinox Container: ecbc723a-92e3-4150-a85d-4fc97eed88f9" daemon [_thread_blocked, id=18192, stack(0x0000006526000000,0x0000006526100000) (1024K)]
  0x00000207087b4ab0 JavaThread "Start Level: Equinox Container: ecbc723a-92e3-4150-a85d-4fc97eed88f9" daemon [_thread_blocked, id=9192, stack(0x0000006526100000,0x0000006526200000) (1024K)]
  0x000002070d1e0630 JavaThread "Bundle File Closer"         daemon [_thread_blocked, id=32476, stack(0x0000006526200000,0x0000006526300000) (1024K)]
  0x00000207087e5f70 JavaThread "SCR Component Actor"        daemon [_thread_blocked, id=14496, stack(0x0000006524b00000,0x0000006524c00000) (1024K)]
  0x00000207081c7590 JavaThread "Worker-JM"                         [_thread_blocked, id=17812, stack(0x0000006526300000,0x0000006526400000) (1024K)]
  0x0000020708570df0 JavaThread "JNA Cleaner"                daemon [_thread_blocked, id=29204, stack(0x0000006526500000,0x0000006526600000) (1024K)]
  0x0000020708571480 JavaThread "Java indexing"              daemon [_thread_blocked, id=6972, stack(0x0000006526a00000,0x0000006526b00000) (1024K)]
  0x00000207085721a0 JavaThread "Worker-4"                          [_thread_blocked, id=18136, stack(0x0000006526b00000,0x0000006526c00000) (1024K)]
  0x0000020708570760 JavaThread "Thread-1"                   daemon [_thread_in_native, id=4912, stack(0x0000006526d00000,0x0000006526e00000) (1024K)]
  0x000002070d74a580 JavaThread "Thread-2"                   daemon [_thread_in_native, id=21640, stack(0x0000006526e00000,0x0000006526f00000) (1024K)]
  0x000002070d74e090 JavaThread "Thread-3"                   daemon [_thread_in_native, id=32720, stack(0x0000006526f00000,0x0000006527000000) (1024K)]
  0x000002070d74cce0 JavaThread "Thread-4"                   daemon [_thread_in_native, id=3464, stack(0x0000006527000000,0x0000006527100000) (1024K)]
  0x000002070d74c650 JavaThread "Thread-5"                   daemon [_thread_in_native, id=17056, stack(0x0000006527100000,0x0000006527200000) (1024K)]
  0x000002070d74fad0 JavaThread "pool-2-thread-1"                   [_thread_blocked, id=27524, stack(0x0000006527200000,0x0000006527300000) (1024K)]
  0x000002070d74b930 JavaThread "WorkspaceEventsHandler"            [_thread_blocked, id=31816, stack(0x0000006527300000,0x0000006527400000) (1024K)]
  0x000002070d7507f0 JavaThread "pool-1-thread-1"                   [_thread_blocked, id=11004, stack(0x0000006527400000,0x0000006527500000) (1024K)]
  0x000002070d749ef0 JavaThread "pool-3-thread-1"                   [_thread_blocked, id=16488, stack(0x0000006527500000,0x0000006527600000) (1024K)]
  0x000002070e6da2f0 JavaThread "Cleaner-0"                  daemon [_thread_blocked, id=23560, stack(0x0000006527c00000,0x0000006527d00000) (1024K)]
  0x000002070e6d88b0 JavaThread "Worker-13"                         [_thread_blocked, id=20292, stack(0x0000006526c00000,0x0000006526d00000) (1024K)]
  0x000002070e6d8220 JavaThread "Java Debug Server"          daemon [_thread_in_native, id=30956, stack(0x0000006527900000,0x0000006527a00000) (1024K)]
  0x000002070d74b2a0 JavaThread "RxSchedulerPurge-1"         daemon [_thread_blocked, id=17524, stack(0x0000006527b00000,0x0000006527c00000) (1024K)]
  0x000002070d74d370 JavaThread "RxCachedWorkerPoolEvictor-1" daemon [_thread_blocked, id=5664, stack(0x0000006527d00000,0x0000006527e00000) (1024K)]
  0x000002070d74edb0 JavaThread "Timer-0"                           [_thread_blocked, id=8672, stack(0x0000006527700000,0x0000006527800000) (1024K)]
Total: 36

Other Threads:
  0x00000206aba2f6a0 VMThread "VM Thread"                           [id=14288, stack(0x0000006525100000,0x0000006525200000) (1024K)]
  0x00000206a98ac7d0 WatcherThread "VM Periodic Task Thread"        [id=25184, stack(0x0000006525000000,0x0000006525100000) (1024K)]
  0x00000206abb64d30 WorkerThread "GC Thread#0"                     [id=14208, stack(0x0000006524f00000,0x0000006525000000) (1024K)]
  0x00000207086f4a40 WorkerThread "GC Thread#1"                     [id=7900, stack(0x0000006525c00000,0x0000006525d00000) (1024K)]
  0x00000207086f4690 WorkerThread "GC Thread#2"                     [id=19556, stack(0x0000006525d00000,0x0000006525e00000) (1024K)]
  0x00000207086f6060 WorkerThread "GC Thread#3"                     [id=20448, stack(0x0000006525e00000,0x0000006525f00000) (1024K)]
Total: 6

Threads with active compile tasks:
Total: 0

VM state: not at safepoint (normal execution)

VM Mutex/Monitor currently owned by a thread: None

Heap address: 0x0000000080000000, size: 2048 MB, Compressed Oops mode: 32-bit

CDS archive(s) mapped at: [0x00000206c3000000-0x00000206c3ba0000-0x00000206c7720000), size 74579968, SharedBaseAddress: 0x00000206c3000000, ArchiveRelocationMode: 1.
Compressed class space mapped at: 0x00000206c8000000-0x0000020708000000, reserved size: 1073741824
Narrow klass base: 0x00000206c3000000, Narrow klass shift: 0, Narrow klass range: 0x100000000

GC Precious Log:
 CardTable entry size: 512
 CPUs: 4 total, 4 available
 Memory: 4005M
 Large Page Support: Disabled
 NUMA Support: Disabled
 Compressed Oops: Enabled (32-bit)
 Alignments: Space 512K, Generation 512K, Heap 2M
 Heap Min Capacity: 100M
 Heap Initial Capacity: 100M
 Heap Max Capacity: 2G
 Pre-touch: Disabled
 Parallel Workers: 4

Heap:
 PSYoungGen      total 2048K, used 1688K [0x00000000d5580000, 0x00000000d5800000, 0x0000000100000000)
  eden space 1536K, 97% used [0x00000000d5580000,0x00000000d56f6010,0x00000000d5700000)
  from space 512K, 37% used [0x00000000d5780000,0x00000000d57b0000,0x00000000d5800000)
  to   space 512K, 0% used [0x00000000d5700000,0x00000000d5700000,0x00000000d5780000)
 ParOldGen       total 321536K, used 321099K [0x0000000080000000, 0x0000000093a00000, 0x00000000d5580000)
  object space 321536K, 99% used [0x0000000080000000,0x0000000093992ee8,0x0000000093a00000)
 Metaspace       used 44573K, committed 45952K, reserved 1114112K
  class space    used 4235K, committed 4800K, reserved 1048576K

Card table byte_map: [0x00000206ab4e0000,0x00000206ab8f0000] _byte_map_base: 0x00000206ab0e0000

Marking Bits: (ParMarkBitMap*) 0x00007ffb2d923450
 Begin Bits: [0x00000206bdff0000, 0x00000206bfff0000)
 End Bits:   [0x00000206bfff0000, 0x00000206c1ff0000)

Polling page: 0x00000206a9800000

Metaspace:

Usage:
  Non-class:     39.39 MB used.
      Class:      4.14 MB used.
       Both:     43.53 MB used.

Virtual space:
  Non-class space:       64.00 MB reserved,      40.19 MB ( 63%) committed,  1 nodes.
      Class space:        1.00 GB reserved,       4.69 MB ( <1%) committed,  1 nodes.
             Both:        1.06 GB reserved,      44.88 MB (  4%) committed. 

Chunk freelists:
   Non-Class:  7.47 MB
       Class:  11.26 MB
        Both:  18.73 MB

MaxMetaspaceSize: unlimited
CompressedClassSpaceSize: 1.00 GB
Initial GC threshold: 21.00 MB
Current GC threshold: 58.38 MB
CDS: on
 - commit_granule_bytes: 65536.
 - commit_granule_words: 8192.
 - virtual_space_node_default_size: 8388608.
 - enlarge_chunks_in_place: 1.
 - use_allocation_guard: 0.


Internal statistics:

num_allocs_failed_limit: 6.
num_arena_births: 1222.
num_arena_deaths: 32.
num_vsnodes_births: 2.
num_vsnodes_deaths: 0.
num_space_committed: 718.
num_space_uncommitted: 0.
num_chunks_returned_to_freelist: 44.
num_chunks_taken_from_freelist: 3653.
num_chunk_merges: 13.
num_chunk_splits: 2173.
num_chunks_enlarged: 1196.
num_inconsistent_stats: 0.

CodeHeap 'non-profiled nmethods': size=120000Kb used=13262Kb max_used=13262Kb free=106737Kb
 bounds [0x00000206b6810000, 0x00000206b7510000, 0x00000206bdd40000]
CodeHeap 'profiled nmethods': size=120000Kb used=36856Kb max_used=36856Kb free=83143Kb
 bounds [0x00000206aed40000, 0x00000206b1140000, 0x00000206b6270000]
CodeHeap 'non-nmethods': size=5760Kb used=1483Kb max_used=1547Kb free=4276Kb
 bounds [0x00000206b6270000, 0x00000206b64e0000, 0x00000206b6810000]
CodeCache: size=245760Kb, used=51601Kb, max_used=51665Kb, free=194156Kb
 total_blobs=15725, nmethods=14909, adapters=717, full_count=0
Compilation: enabled, stopped_count=0, restarted_count=0

Compilation events (20 events):
Event: 1310.804 Thread 0x00000206abaacde0 16506       3       org.eclipse.core.internal.dtree.AbstractDataTreeNode::simplifyWithParent (120 bytes)
Event: 1310.839 Thread 0x00000206abaacde0 nmethod 16506 0x00000206b113bf90 code [0x00000206b113c1c0, 0x00000206b113cb68]
Event: 1313.539 Thread 0x00000206abaacde0 16507       3       org.eclipse.core.runtime.SubMonitor::convert (8 bytes)
Event: 1313.551 Thread 0x00000206abaacde0 nmethod 16507 0x00000206b113ce90 code [0x00000206b113d040, 0x00000206b113d168]
Event: 1315.691 Thread 0x00000206aba3bf40 16508       4       com.google.gson.stream.JsonWriter::beforeValue (140 bytes)
Event: 1315.998 Thread 0x00000206aba3bf40 nmethod 16508 0x00000206b74fdb10 code [0x00000206b74fddc0, 0x00000206b74ff3c0]
Event: 1316.283 Thread 0x00000206aba3bf40 16509       4       com.google.gson.stream.JsonWriter::value (24 bytes)
Event: 1316.287 Thread 0x00000206aba3bf40 nmethod 16509 0x00000206b74ffe90 code [0x00000206b7500060, 0x00000206b75001c0]
Event: 1316.378 Thread 0x00000206aba3bf40 16510   !   4       com.google.gson.internal.bind.ReflectiveTypeAdapterFactory$Adapter::write (73 bytes)
Event: 1316.699 Thread 0x00000206aba3bf40 nmethod 16510 0x00000206b7500310 code [0x00000206b75006c0, 0x00000206b7502118]
Event: 1324.387 Thread 0x00000206abaacde0 16511       3       java.util.concurrent.ConcurrentHashMap::mappingCount (17 bytes)
Event: 1324.387 Thread 0x00000206abaacde0 nmethod 16511 0x00000206b113d210 code [0x00000206b113d3c0, 0x00000206b113d548]
Event: 1336.514 Thread 0x00000206aba3bf40 16512       4       java.lang.Thread::interrupted (7 bytes)
Event: 1336.539 Thread 0x00000206aba3bf40 nmethod 16512 0x00000206b7503410 code [0x00000206b75035a0, 0x00000206b7503658]
Event: 1350.466 Thread 0x00000206abaacde0 16513       3       java.util.concurrent.ConcurrentHashMap::keySet (26 bytes)
Event: 1350.479 Thread 0x00000206abaacde0 nmethod 16513 0x00000206b113d610 code [0x00000206b113d7e0, 0x00000206b113daf0]
Event: 1350.479 Thread 0x00000206abaacde0 16514       3       java.util.concurrent.ConcurrentHashMap$KeyIterator::next (34 bytes)
Event: 1350.488 Thread 0x00000206abaacde0 nmethod 16514 0x00000206b113dc10 code [0x00000206b113dde0, 0x00000206b113e060]
Event: 1363.674 Thread 0x00000206abaacde0 16515       1       org.eclipse.jdt.ls.core.internal.LanguageServerApplication::getParentProcessId (5 bytes)
Event: 1363.677 Thread 0x00000206abaacde0 nmethod 16515 0x00000206b7503710 code [0x00000206b75038a0, 0x00000206b7503968]

GC Heap History (20 events):
Event: 1177.980 GC heap before
{Heap before GC invocations=563 (full 2):
 PSYoungGen      total 2048K, used 1664K [0x00000000d5580000, 0x00000000d5800000, 0x0000000100000000)
  eden space 1536K, 100% used [0x00000000d5580000,0x00000000d5700000,0x00000000d5700000)
  from space 512K, 25% used [0x00000000d5780000,0x00000000d57a0000,0x00000000d5800000)
  to   space 512K, 0% used [0x00000000d5700000,0x00000000d5700000,0x00000000d5780000)
 ParOldGen       total 321024K, used 320715K [0x0000000080000000, 0x0000000093980000, 0x00000000d5580000)
  object space 321024K, 99% used [0x0000000080000000,0x0000000093932eb8,0x0000000093980000)
 Metaspace       used 43009K, committed 44480K, reserved 1114112K
  class space    used 3982K, committed 4608K, reserved 1048576K
}
Event: 1177.981 GC heap after
{Heap after GC invocations=563 (full 2):
 PSYoungGen      total 2048K, used 128K [0x00000000d5580000, 0x00000000d5800000, 0x0000000100000000)
  eden space 1536K, 0% used [0x00000000d5580000,0x00000000d5580000,0x00000000d5700000)
  from space 512K, 25% used [0x00000000d5700000,0x00000000d5720000,0x00000000d5780000)
  to   space 512K, 0% used [0x00000000d5780000,0x00000000d5780000,0x00000000d5800000)
 ParOldGen       total 321024K, used 320755K [0x0000000080000000, 0x0000000093980000, 0x00000000d5580000)
  object space 321024K, 99% used [0x0000000080000000,0x000000009393ceb8,0x0000000093980000)
 Metaspace       used 43009K, committed 44480K, reserved 1114112K
  class space    used 3982K, committed 4608K, reserved 1048576K
}
Event: 1188.048 GC heap before
{Heap before GC invocations=564 (full 2):
 PSYoungGen      total 2048K, used 1652K [0x00000000d5580000, 0x00000000d5800000, 0x0000000100000000)
  eden space 1536K, 99% used [0x00000000d5580000,0x00000000d56fd2b0,0x00000000d5700000)
  from space 512K, 25% used [0x00000000d5700000,0x00000000d5720000,0x00000000d5780000)
  to   space 512K, 0% used [0x00000000d5780000,0x00000000d5780000,0x00000000d5800000)
 ParOldGen       total 321024K, used 320755K [0x0000000080000000, 0x0000000093980000, 0x00000000d5580000)
  object space 321024K, 99% used [0x0000000080000000,0x000000009393ceb8,0x0000000093980000)
 Metaspace       used 43246K, committed 44672K, reserved 1114112K
  class space    used 4009K, committed 4608K, reserved 1048576K
}
Event: 1188.051 GC heap after
{Heap after GC invocations=564 (full 2):
 PSYoungGen      total 2048K, used 187K [0x00000000d5580000, 0x00000000d5800000, 0x0000000100000000)
  eden space 1536K, 0% used [0x00000000d5580000,0x00000000d5580000,0x00000000d5700000)
  from space 512K, 36% used [0x00000000d5780000,0x00000000d57aee40,0x00000000d5800000)
  to   space 512K, 0% used [0x00000000d5700000,0x00000000d5700000,0x00000000d5780000)
 ParOldGen       total 321024K, used 320779K [0x0000000080000000, 0x0000000093980000, 0x00000000d5580000)
  object space 321024K, 99% used [0x0000000080000000,0x0000000093942eb8,0x0000000093980000)
 Metaspace       used 43246K, committed 44672K, reserved 1114112K
  class space    used 4009K, committed 4608K, reserved 1048576K
}
Event: 1188.505 GC heap before
{Heap before GC invocations=565 (full 2):
 PSYoungGen      total 2048K, used 1723K [0x00000000d5580000, 0x00000000d5800000, 0x0000000100000000)
  eden space 1536K, 100% used [0x00000000d5580000,0x00000000d5700000,0x00000000d5700000)
  from space 512K, 36% used [0x00000000d5780000,0x00000000d57aee40,0x00000000d5800000)
  to   space 512K, 0% used [0x00000000d5700000,0x00000000d5700000,0x00000000d5780000)
 ParOldGen       total 321024K, used 320779K [0x0000000080000000, 0x0000000093980000, 0x00000000d5580000)
  object space 321024K, 99% used [0x0000000080000000,0x0000000093942eb8,0x0000000093980000)
 Metaspace       used 43412K, committed 44800K, reserved 1114112K
  class space    used 4038K, committed 4608K, reserved 1048576K
}
Event: 1188.511 GC heap after
{Heap after GC invocations=565 (full 2):
 PSYoungGen      total 2048K, used 128K [0x00000000d5580000, 0x00000000d5800000, 0x0000000100000000)
  eden space 1536K, 0% used [0x00000000d5580000,0x00000000d5580000,0x00000000d5700000)
  from space 512K, 25% used [0x00000000d5700000,0x00000000d5720000,0x00000000d5780000)
  to   space 512K, 0% used [0x00000000d5780000,0x00000000d5780000,0x00000000d5800000)
 ParOldGen       total 321024K, used 320851K [0x0000000080000000, 0x0000000093980000, 0x00000000d5580000)
  object space 321024K, 99% used [0x0000000080000000,0x0000000093954ee8,0x0000000093980000)
 Metaspace       used 43412K, committed 44800K, reserved 1114112K
  class space    used 4038K, committed 4608K, reserved 1048576K
}
Event: 1189.186 GC heap before
{Heap before GC invocations=566 (full 2):
 PSYoungGen      total 2048K, used 1664K [0x00000000d5580000, 0x00000000d5800000, 0x0000000100000000)
  eden space 1536K, 100% used [0x00000000d5580000,0x00000000d5700000,0x00000000d5700000)
  from space 512K, 25% used [0x00000000d5700000,0x00000000d5720000,0x00000000d5780000)
  to   space 512K, 0% used [0x00000000d5780000,0x00000000d5780000,0x00000000d5800000)
 ParOldGen       total 321024K, used 320851K [0x0000000080000000, 0x0000000093980000, 0x00000000d5580000)
  object space 321024K, 99% used [0x0000000080000000,0x0000000093954ee8,0x0000000093980000)
 Metaspace       used 43511K, committed 44928K, reserved 1114112K
  class space    used 4068K, committed 4672K, reserved 1048576K
}
Event: 1189.188 GC heap after
{Heap after GC invocations=566 (full 2):
 PSYoungGen      total 2048K, used 64K [0x00000000d5580000, 0x00000000d5800000, 0x0000000100000000)
  eden space 1536K, 0% used [0x00000000d5580000,0x00000000d5580000,0x00000000d5700000)
  from space 512K, 12% used [0x00000000d5780000,0x00000000d5790000,0x00000000d5800000)
  to   space 512K, 0% used [0x00000000d5700000,0x00000000d5700000,0x00000000d5780000)
 ParOldGen       total 321024K, used 320883K [0x0000000080000000, 0x0000000093980000, 0x00000000d5580000)
  object space 321024K, 99% used [0x0000000080000000,0x000000009395cee8,0x0000000093980000)
 Metaspace       used 43511K, committed 44928K, reserved 1114112K
  class space    used 4068K, committed 4672K, reserved 1048576K
}
Event: 1189.612 GC heap before
{Heap before GC invocations=567 (full 2):
 PSYoungGen      total 2048K, used 1600K [0x00000000d5580000, 0x00000000d5800000, 0x0000000100000000)
  eden space 1536K, 100% used [0x00000000d5580000,0x00000000d5700000,0x00000000d5700000)
  from space 512K, 12% used [0x00000000d5780000,0x00000000d5790000,0x00000000d5800000)
  to   space 512K, 0% used [0x00000000d5700000,0x00000000d5700000,0x00000000d5780000)
 ParOldGen       total 321024K, used 320883K [0x0000000080000000, 0x0000000093980000, 0x00000000d5580000)
  object space 321024K, 99% used [0x0000000080000000,0x000000009395cee8,0x0000000093980000)
 Metaspace       used 43611K, committed 44992K, reserved 1114112K
  class space    used 4097K, committed 4672K, reserved 1048576K
}
Event: 1189.616 GC heap after
{Heap after GC invocations=567 (full 2):
 PSYoungGen      total 2048K, used 128K [0x00000000d5580000, 0x00000000d5800000, 0x0000000100000000)
  eden space 1536K, 0% used [0x00000000d5580000,0x00000000d5580000,0x00000000d5700000)
  from space 512K, 25% used [0x00000000d5700000,0x00000000d5720000,0x00000000d5780000)
  to   space 512K, 0% used [0x00000000d5780000,0x00000000d5780000,0x00000000d5800000)
 ParOldGen       total 321024K, used 320915K [0x0000000080000000, 0x0000000093980000, 0x00000000d5580000)
  object space 321024K, 99% used [0x0000000080000000,0x0000000093964ee8,0x0000000093980000)
 Metaspace       used 43611K, committed 44992K, reserved 1114112K
  class space    used 4097K, committed 4672K, reserved 1048576K
}
Event: 1190.386 GC heap before
{Heap before GC invocations=568 (full 2):
 PSYoungGen      total 2048K, used 1664K [0x00000000d5580000, 0x00000000d5800000, 0x0000000100000000)
  eden space 1536K, 100% used [0x00000000d5580000,0x00000000d5700000,0x00000000d5700000)
  from space 512K, 25% used [0x00000000d5700000,0x00000000d5720000,0x00000000d5780000)
  to   space 512K, 0% used [0x00000000d5780000,0x00000000d5780000,0x00000000d5800000)
 ParOldGen       total 321024K, used 320915K [0x0000000080000000, 0x0000000093980000, 0x00000000d5580000)
  object space 321024K, 99% used [0x0000000080000000,0x0000000093964ee8,0x0000000093980000)
 Metaspace       used 43749K, committed 45184K, reserved 1114112K
  class space    used 4126K, committed 4736K, reserved 1048576K
}
Event: 1190.422 GC heap after
{Heap after GC invocations=568 (full 2):
 PSYoungGen      total 2048K, used 128K [0x00000000d5580000, 0x00000000d5800000, 0x0000000100000000)
  eden space 1536K, 0% used [0x00000000d5580000,0x00000000d5580000,0x00000000d5700000)
  from space 512K, 25% used [0x00000000d5780000,0x00000000d57a0000,0x00000000d5800000)
  to   space 512K, 0% used [0x00000000d5700000,0x00000000d5700000,0x00000000d5780000)
 ParOldGen       total 321024K, used 320947K [0x0000000080000000, 0x0000000093980000, 0x00000000d5580000)
  object space 321024K, 99% used [0x0000000080000000,0x000000009396cee8,0x0000000093980000)
 Metaspace       used 43749K, committed 45184K, reserved 1114112K
  class space    used 4126K, committed 4736K, reserved 1048576K
}
Event: 1192.997 GC heap before
{Heap before GC invocations=569 (full 2):
 PSYoungGen      total 2048K, used 1664K [0x00000000d5580000, 0x00000000d5800000, 0x0000000100000000)
  eden space 1536K, 100% used [0x00000000d5580000,0x00000000d5700000,0x00000000d5700000)
  from space 512K, 25% used [0x00000000d5780000,0x00000000d57a0000,0x00000000d5800000)
  to   space 512K, 0% used [0x00000000d5700000,0x00000000d5700000,0x00000000d5780000)
 ParOldGen       total 321024K, used 320947K [0x0000000080000000, 0x0000000093980000, 0x00000000d5580000)
  object space 321024K, 99% used [0x0000000080000000,0x000000009396cee8,0x0000000093980000)
 Metaspace       used 43954K, committed 45376K, reserved 1114112K
  class space    used 4157K, committed 4736K, reserved 1048576K
}
Event: 1193.000 GC heap after
{Heap after GC invocations=569 (full 2):
 PSYoungGen      total 2048K, used 128K [0x00000000d5580000, 0x00000000d5800000, 0x0000000100000000)
  eden space 1536K, 0% used [0x00000000d5580000,0x00000000d5580000,0x00000000d5700000)
  from space 512K, 25% used [0x00000000d5700000,0x00000000d5720000,0x00000000d5780000)
  to   space 512K, 0% used [0x00000000d5780000,0x00000000d5780000,0x00000000d5800000)
 ParOldGen       total 321024K, used 320979K [0x0000000080000000, 0x0000000093980000, 0x00000000d5580000)
  object space 321024K, 99% used [0x0000000080000000,0x0000000093974ee8,0x0000000093980000)
 Metaspace       used 43954K, committed 45376K, reserved 1114112K
  class space    used 4157K, committed 4736K, reserved 1048576K
}
Event: 1193.710 GC heap before
{Heap before GC invocations=570 (full 2):
 PSYoungGen      total 2048K, used 1654K [0x00000000d5580000, 0x00000000d5800000, 0x0000000100000000)
  eden space 1536K, 99% used [0x00000000d5580000,0x00000000d56fdb40,0x00000000d5700000)
  from space 512K, 25% used [0x00000000d5700000,0x00000000d5720000,0x00000000d5780000)
  to   space 512K, 0% used [0x00000000d5780000,0x00000000d5780000,0x00000000d5800000)
 ParOldGen       total 321024K, used 320979K [0x0000000080000000, 0x0000000093980000, 0x00000000d5580000)
  object space 321024K, 99% used [0x0000000080000000,0x0000000093974ee8,0x0000000093980000)
 Metaspace       used 44073K, committed 45504K, reserved 1114112K
  class space    used 4183K, committed 4800K, reserved 1048576K
}
Event: 1193.714 GC heap after
{Heap after GC invocations=570 (full 2):
 PSYoungGen      total 2048K, used 128K [0x00000000d5580000, 0x00000000d5800000, 0x0000000100000000)
  eden space 1536K, 0% used [0x00000000d5580000,0x00000000d5580000,0x00000000d5700000)
  from space 512K, 25% used [0x00000000d5780000,0x00000000d57a0000,0x00000000d5800000)
  to   space 512K, 0% used [0x00000000d5700000,0x00000000d5700000,0x00000000d5780000)
 ParOldGen       total 321536K, used 321027K [0x0000000080000000, 0x0000000093a00000, 0x00000000d5580000)
  object space 321536K, 99% used [0x0000000080000000,0x0000000093980ee8,0x0000000093a00000)
 Metaspace       used 44073K, committed 45504K, reserved 1114112K
  class space    used 4183K, committed 4800K, reserved 1048576K
}
Event: 1194.288 GC heap before
{Heap before GC invocations=571 (full 2):
 PSYoungGen      total 2048K, used 1664K [0x00000000d5580000, 0x00000000d5800000, 0x0000000100000000)
  eden space 1536K, 100% used [0x00000000d5580000,0x00000000d5700000,0x00000000d5700000)
  from space 512K, 25% used [0x00000000d5780000,0x00000000d57a0000,0x00000000d5800000)
  to   space 512K, 0% used [0x00000000d5700000,0x00000000d5700000,0x00000000d5780000)
 ParOldGen       total 321536K, used 321027K [0x0000000080000000, 0x0000000093a00000, 0x00000000d5580000)
  object space 321536K, 99% used [0x0000000080000000,0x0000000093980ee8,0x0000000093a00000)
 Metaspace       used 44296K, committed 45696K, reserved 1114112K
  class space    used 4200K, committed 4800K, reserved 1048576K
}
Event: 1194.291 GC heap after
{Heap after GC invocations=571 (full 2):
 PSYoungGen      total 2048K, used 128K [0x00000000d5580000, 0x00000000d5800000, 0x0000000100000000)
  eden space 1536K, 0% used [0x00000000d5580000,0x00000000d5580000,0x00000000d5700000)
  from space 512K, 25% used [0x00000000d5700000,0x00000000d5720000,0x00000000d5780000)
  to   space 512K, 0% used [0x00000000d5780000,0x00000000d5780000,0x00000000d5800000)
 ParOldGen       total 321536K, used 321067K [0x0000000080000000, 0x0000000093a00000, 0x00000000d5580000)
  object space 321536K, 99% used [0x0000000080000000,0x000000009398aee8,0x0000000093a00000)
 Metaspace       used 44296K, committed 45696K, reserved 1114112K
  class space    used 4200K, committed 4800K, reserved 1048576K
}
Event: 1199.731 GC heap before
{Heap before GC invocations=572 (full 2):
 PSYoungGen      total 2048K, used 1664K [0x00000000d5580000, 0x00000000d5800000, 0x0000000100000000)
  eden space 1536K, 100% used [0x00000000d5580000,0x00000000d5700000,0x00000000d5700000)
  from space 512K, 25% used [0x00000000d5700000,0x00000000d5720000,0x00000000d5780000)
  to   space 512K, 0% used [0x00000000d5780000,0x00000000d5780000,0x00000000d5800000)
 ParOldGen       total 321536K, used 321067K [0x0000000080000000, 0x0000000093a00000, 0x00000000d5580000)
  object space 321536K, 99% used [0x0000000080000000,0x000000009398aee8,0x0000000093a00000)
 Metaspace       used 44442K, committed 45888K, reserved 1114112K
  class space    used 4216K, committed 4800K, reserved 1048576K
}
Event: 1199.745 GC heap after
{Heap after GC invocations=572 (full 2):
 PSYoungGen      total 2048K, used 192K [0x00000000d5580000, 0x00000000d5800000, 0x0000000100000000)
  eden space 1536K, 0% used [0x00000000d5580000,0x00000000d5580000,0x00000000d5700000)
  from space 512K, 37% used [0x00000000d5780000,0x00000000d57b0000,0x00000000d5800000)
  to   space 512K, 0% used [0x00000000d5700000,0x00000000d5700000,0x00000000d5780000)
 ParOldGen       total 321536K, used 321099K [0x0000000080000000, 0x0000000093a00000, 0x00000000d5580000)
  object space 321536K, 99% used [0x0000000080000000,0x0000000093992ee8,0x0000000093a00000)
 Metaspace       used 44442K, committed 45888K, reserved 1114112K
  class space    used 4216K, committed 4800K, reserved 1048576K
}

Dll operation events (11 events):
Event: 0.145 Loaded shared library c:\Users\alexa\.vscode-insiders\extensions\redhat.java-1.54.2026040108-win32-x64\jre\21.0.10-win32-x86_64\bin\java.dll
Event: 1.751 Loaded shared library c:\Users\alexa\.vscode-insiders\extensions\redhat.java-1.54.2026040108-win32-x64\jre\21.0.10-win32-x86_64\bin\zip.dll
Event: 1.769 Loaded shared library C:\Users\alexa\.vscode-insiders\extensions\redhat.java-1.54.2026040108-win32-x64\jre\21.0.10-win32-x86_64\bin\instrument.dll
Event: 1.863 Loaded shared library C:\Users\alexa\.vscode-insiders\extensions\redhat.java-1.54.2026040108-win32-x64\jre\21.0.10-win32-x86_64\bin\net.dll
Event: 1.871 Loaded shared library C:\Users\alexa\.vscode-insiders\extensions\redhat.java-1.54.2026040108-win32-x64\jre\21.0.10-win32-x86_64\bin\nio.dll
Event: 1.893 Loaded shared library C:\Users\alexa\.vscode-insiders\extensions\redhat.java-1.54.2026040108-win32-x64\jre\21.0.10-win32-x86_64\bin\zip.dll
Event: 2.071 Loaded shared library C:\Users\alexa\.vscode-insiders\extensions\redhat.java-1.54.2026040108-win32-x64\jre\21.0.10-win32-x86_64\bin\jimage.dll
Event: 2.541 Loaded shared library c:\Users\alexa\.vscode-insiders\extensions\redhat.java-1.54.2026040108-win32-x64\jre\21.0.10-win32-x86_64\bin\verify.dll
Event: 39.794 Loaded shared library C:\Users\alexa\AppData\Roaming\Code - Insiders\User\globalStorage\redhat.java\1.54.2026040108\config_win\org.eclipse.equinox.launcher\org.eclipse.equinox.launcher.win32.win32.x86_64_1.3.0.v20260203-2149\eclipse_11919.dll
Event: 72.561 Loaded shared library C:\Users\alexa\AppData\Local\Temp\jna-92899843\jna17058732862136450997.dll
Event: 1168.194 Loaded shared library C:\Users\alexa\.vscode-insiders\extensions\redhat.java-1.54.2026040108-win32-x64\jre\21.0.10-win32-x86_64\bin\extnet.dll

Deoptimization events (20 events):
Event: 1312.686 Thread 0x00000207085721a0 Uncommon trap: trap_request=0xffffffc6 fr.pc=0x00000206b6fe1358 relative=0x0000000000000b78
Event: 1312.706 Thread 0x00000207085721a0 Uncommon trap: reason=bimorphic_or_optimized_type_check action=maybe_recompile pc=0x00000206b6fe1358 method=java.io.InputStream.read([BII)I @ 15 c2
Event: 1312.707 Thread 0x00000207085721a0 DEOPT PACKING pc=0x00000206b6fe1358 sp=0x0000006526bfefe0
Event: 1312.734 Thread 0x00000207085721a0 DEOPT UNPACKING pc=0x00000206b62c3a9c sp=0x0000006526bfef68 mode 2
Event: 1312.763 Thread 0x00000207085721a0 Uncommon trap: trap_request=0xffffffc6 fr.pc=0x00000206b6c53c64 relative=0x0000000000000684
Event: 1312.766 Thread 0x00000207085721a0 Uncommon trap: reason=bimorphic_or_optimized_type_check action=maybe_recompile pc=0x00000206b6c53c64 method=java.io.InputStream.read([BII)I @ 44 c2
Event: 1312.766 Thread 0x00000207085721a0 DEOPT PACKING pc=0x00000206b6c53c64 sp=0x0000006526bfefc0
Event: 1312.782 Thread 0x00000207085721a0 DEOPT UNPACKING pc=0x00000206b62c3a9c sp=0x0000006526bfef68 mode 2
Event: 1312.817 Thread 0x00000207085721a0 Uncommon trap: trap_request=0xffffffc6 fr.pc=0x00000206b70ce7c0 relative=0x0000000000003ba0
Event: 1312.835 Thread 0x00000207085721a0 Uncommon trap: reason=bimorphic_or_optimized_type_check action=maybe_recompile pc=0x00000206b70ce7c0 method=java.util.Properties.load0(Ljava/util/Properties$LineReader;)V @ 241 c2
Event: 1312.835 Thread 0x00000207085721a0 DEOPT PACKING pc=0x00000206b70ce7c0 sp=0x0000006526bff110
Event: 1312.835 Thread 0x00000207085721a0 DEOPT UNPACKING pc=0x00000206b62c3a9c sp=0x0000006526bff120 mode 2
Event: 1312.842 Thread 0x00000207085721a0 Uncommon trap: trap_request=0xffffffc6 fr.pc=0x00000206b7070c90 relative=0x0000000000003f90
Event: 1312.842 Thread 0x00000207085721a0 Uncommon trap: reason=bimorphic_or_optimized_type_check action=maybe_recompile pc=0x00000206b7070c90 method=java.util.Properties.load0(Ljava/util/Properties$LineReader;)V @ 241 c2
Event: 1312.842 Thread 0x00000207085721a0 DEOPT PACKING pc=0x00000206b7070c90 sp=0x0000006526bff110
Event: 1312.848 Thread 0x00000207085721a0 DEOPT UNPACKING pc=0x00000206b62c3a9c sp=0x0000006526bff120 mode 2
Event: 1312.848 Thread 0x00000207085721a0 Uncommon trap: trap_request=0xffffffc6 fr.pc=0x00000206b6fe1358 relative=0x0000000000000b78
Event: 1312.848 Thread 0x00000207085721a0 Uncommon trap: reason=bimorphic_or_optimized_type_check action=maybe_recompile pc=0x00000206b6fe1358 method=java.io.InputStream.read([BII)I @ 15 c2
Event: 1312.848 Thread 0x00000207085721a0 DEOPT PACKING pc=0x00000206b6fe1358 sp=0x0000006526bff030
Event: 1312.848 Thread 0x00000207085721a0 DEOPT UNPACKING pc=0x00000206b62c3a9c sp=0x0000006526bfefb8 mode 2

Classes loaded (20 events):
Event: 1198.113 Loading class java/time/Instant$1
Event: 1198.114 Loading class java/time/Instant$1 done
Event: 1198.724 Loading class java/nio/StringCharBuffer
Event: 1198.726 Loading class java/nio/StringCharBuffer done
Event: 1199.234 Loading class java/nio/file/TempFileHelper
Event: 1199.243 Loading class java/nio/file/TempFileHelper done
Event: 1199.911 Loading class java/util/stream/SliceOps
Event: 1199.983 Loading class java/util/stream/SliceOps done
Event: 1199.983 Loading class java/util/stream/SliceOps$1
Event: 1200.001 Loading class java/util/stream/SliceOps$1 done
Event: 1200.387 Loading class java/util/stream/SliceOps$1$1
Event: 1200.392 Loading class java/util/stream/SliceOps$1$1 done
Event: 1200.851 Loading class java/util/concurrent/CompletableFuture$UniWhenComplete
Event: 1200.861 Loading class java/util/concurrent/CompletableFuture$UniWhenComplete done
Event: 1200.891 Loading class java/util/concurrent/CompletableFuture$UniCompose
Event: 1200.896 Loading class java/util/concurrent/CompletableFuture$UniCompose done
Event: 1200.898 Loading class java/util/concurrent/CompletableFuture$UniRelay
Event: 1200.899 Loading class java/util/concurrent/CompletableFuture$UniRelay done
Event: 1212.540 Loading class jdk/internal/reflect/MethodHandleByteFieldAccessorImpl
Event: 1212.558 Loading class jdk/internal/reflect/MethodHandleByteFieldAccessorImpl done

Classes unloaded (16 events):
Event: 271.818 Thread 0x00000206aba2f6a0 Unloading class 0x00000206c8153800 'java/lang/invoke/LambdaForm$MH+0x00000206c8153800'
Event: 271.826 Thread 0x00000206aba2f6a0 Unloading class 0x00000206c8153000 'java/lang/invoke/LambdaForm$MH+0x00000206c8153000'
Event: 271.826 Thread 0x00000206aba2f6a0 Unloading class 0x00000206c8152c00 'java/lang/invoke/LambdaForm$MH+0x00000206c8152c00'
Event: 271.826 Thread 0x00000206aba2f6a0 Unloading class 0x00000206c8152000 'java/lang/invoke/LambdaForm$MH+0x00000206c8152000'
Event: 271.831 Thread 0x00000206aba2f6a0 Unloading class 0x00000206c80e9400 'java/lang/invoke/LambdaForm$MH+0x00000206c80e9400'
Event: 271.831 Thread 0x00000206aba2f6a0 Unloading class 0x00000206c80e9000 'java/lang/invoke/LambdaForm$MH+0x00000206c80e9000'
Event: 271.831 Thread 0x00000206aba2f6a0 Unloading class 0x00000206c80e8c00 'java/lang/invoke/LambdaForm$MH+0x00000206c80e8c00'
Event: 271.831 Thread 0x00000206aba2f6a0 Unloading class 0x00000206c80e8800 'java/lang/invoke/LambdaForm$MH+0x00000206c80e8800'
Event: 352.621 Thread 0x00000206aba2f6a0 Unloading class 0x00000206c833c400 'java/lang/invoke/LambdaForm$DMH+0x00000206c833c400'
Event: 352.623 Thread 0x00000206aba2f6a0 Unloading class 0x00000206c82e0c00 'java/lang/invoke/LambdaForm$MH+0x00000206c82e0c00'
Event: 352.623 Thread 0x00000206aba2f6a0 Unloading class 0x00000206c82d4c00 'java/lang/invoke/LambdaForm$MH+0x00000206c82d4c00'
Event: 352.624 Thread 0x00000206aba2f6a0 Unloading class 0x00000206c82d5000 'java/lang/invoke/LambdaForm$MH+0x00000206c82d5000'
Event: 352.624 Thread 0x00000206aba2f6a0 Unloading class 0x00000206c82d4800 'java/lang/invoke/LambdaForm$MH+0x00000206c82d4800'
Event: 352.624 Thread 0x00000206aba2f6a0 Unloading class 0x00000206c82d4400 'java/lang/invoke/LambdaForm$MH+0x00000206c82d4400'
Event: 352.624 Thread 0x00000206aba2f6a0 Unloading class 0x00000206c82c8400 'java/lang/invoke/LambdaForm$DMH+0x00000206c82c8400'
Event: 352.624 Thread 0x00000206aba2f6a0 Unloading class 0x00000206c8260000 'java/lang/invoke/LambdaForm$MH+0x00000206c8260000'

Classes redefined (0 events):
No events

Internal exceptions (20 events):
Event: 969.306 Thread 0x000002070e6dde00 Exception <a 'java/lang/NoSuchMethodError'{0x00000000d55c6c98}: 'java.lang.Object java.lang.invoke.DirectMethodHandle$Holder.invokeStatic(java.lang.Object, int, java.lang.Object, java.lang.Object, java.lang.Object, java.lang.Object)'> (0x00000000d55c6c98) 
thrown [s\src\hotspot\share\interpreter\linkResolver.cpp, line 773]
Event: 1002.099 Thread 0x0000020708571480 Exception <a 'sun/nio/fs/WindowsException'{0x00000000d5769dd8}> (0x00000000d5769dd8) 
thrown [s\src\hotspot\share\prims\jni.cpp, line 520]
Event: 1002.916 Thread 0x0000020708571480 Implicit null exception at 0x00000206b69dd3e2 to 0x00000206b69dd800
Event: 1003.003 Thread 0x0000020708571480 Implicit null exception at 0x00000206b6b8ba20 to 0x00000206b6b8bf44
Event: 1162.366 Thread 0x000002070e6dd0e0 Exception <a 'sun/nio/fs/WindowsException'{0x00000000d55c1960}> (0x00000000d55c1960) 
thrown [s\src\hotspot\share\prims\jni.cpp, line 520]
Event: 1162.388 Thread 0x000002070e6dd0e0 Exception <a 'sun/nio/fs/WindowsException'{0x00000000d55c2180}> (0x00000000d55c2180) 
thrown [s\src\hotspot\share\prims\jni.cpp, line 520]
Event: 1162.496 Thread 0x000002070e6dd0e0 Exception <a 'sun/nio/fs/WindowsException'{0x00000000d55c32e0}> (0x00000000d55c32e0) 
thrown [s\src\hotspot\share\prims\jni.cpp, line 520]
Event: 1162.496 Thread 0x000002070e6dd0e0 Exception <a 'sun/nio/fs/WindowsException'{0x00000000d55c3d90}> (0x00000000d55c3d90) 
thrown [s\src\hotspot\share\prims\jni.cpp, line 520]
Event: 1162.633 Thread 0x000002070e6dd0e0 Exception <a 'sun/nio/fs/WindowsException'{0x00000000d5636ef8}> (0x00000000d5636ef8) 
thrown [s\src\hotspot\share\prims\jni.cpp, line 520]
Event: 1162.633 Thread 0x000002070e6dd0e0 Exception <a 'sun/nio/fs/WindowsException'{0x00000000d56376f8}> (0x00000000d56376f8) 
thrown [s\src\hotspot\share\prims\jni.cpp, line 520]
Event: 1162.634 Thread 0x000002070e6dd0e0 Exception <a 'sun/nio/fs/WindowsException'{0x00000000d5638858}> (0x00000000d5638858) 
thrown [s\src\hotspot\share\prims\jni.cpp, line 520]
Event: 1162.634 Thread 0x000002070e6dd0e0 Exception <a 'sun/nio/fs/WindowsException'{0x00000000d5639058}> (0x00000000d5639058) 
thrown [s\src\hotspot\share\prims\jni.cpp, line 520]
Event: 1173.061 Thread 0x000002070d74ac10 Exception <a 'java/io/FileNotFoundException'{0x00000000d5663e58}> (0x00000000d5663e58) 
thrown [s\src\hotspot\share\prims\jni.cpp, line 520]
Event: 1196.400 Thread 0x000002070d74da00 Exception <a 'java/lang/NoSuchMethodError'{0x00000000d5608530}: 'java.lang.Object java.lang.invoke.DirectMethodHandle$Holder.invokeStatic(java.lang.Object, long, java.lang.Object, java.lang.Object)'> (0x00000000d5608530) 
thrown [s\src\hotspot\share\interpreter\linkResolver.cpp, line 773]
Event: 1199.561 Thread 0x000002070d74da00 Exception <a 'sun/nio/fs/WindowsException'{0x00000000d56d0fd8}> (0x00000000d56d0fd8) 
thrown [s\src\hotspot\share\prims\jni.cpp, line 520]
Event: 1199.566 Thread 0x000002070d74da00 Exception <a 'sun/nio/fs/WindowsException'{0x00000000d56d2048}> (0x00000000d56d2048) 
thrown [s\src\hotspot\share\prims\jni.cpp, line 520]
Event: 1200.837 Thread 0x000002070d74da00 Exception <a 'java/lang/NoSuchMethodError'{0x00000000d55e7218}: 'void java.lang.invoke.DirectMethodHandle$Holder.invokeStatic(java.lang.Object, java.lang.Object, java.lang.Object, java.lang.Object, java.lang.Object, java.lang.Object, java.lang.Object)'> (0x00000000d55e7218) 
thrown [s\src\hotspot\share\interpreter\linkResolver.cpp, line 773]
Event: 1212.796 Thread 0x000002070d74edb0 Implicit null exception at 0x00000206b74e954e to 0x00000206b74e97cc
Event: 1305.432 Thread 0x00000207085721a0 Exception <a 'sun/nio/fs/WindowsException'{0x00000000d568d070}> (0x00000000d568d070) 
thrown [s\src\hotspot\share\prims\jni.cpp, line 520]
Event: 1305.727 Thread 0x00000207085721a0 Exception <a 'sun/nio/fs/WindowsException'{0x00000000d568db20}> (0x00000000d568db20) 
thrown [s\src\hotspot\share\prims\jni.cpp, line 520]

ZGC Phase Switch (0 events):
No events

VM Operations (20 events):
Event: 1218.247 Executing safepoint VM operation: Cleanup
Event: 1218.247 Executing safepoint VM operation: Cleanup done
Event: 1234.396 Executing safepoint VM operation: Cleanup
Event: 1234.397 Executing safepoint VM operation: Cleanup done
Event: 1258.555 Executing safepoint VM operation: Cleanup
Event: 1258.555 Executing safepoint VM operation: Cleanup done
Event: 1263.394 Executing non-safepoint VM operation: HandshakeAllThreads (HandshakeForDeflation)
Event: 1263.412 Executing non-safepoint VM operation: HandshakeAllThreads (HandshakeForDeflation) done
Event: 1263.412 Executing non-safepoint VM operation: RendezvousGCThreads
Event: 1263.412 Executing non-safepoint VM operation: RendezvousGCThreads done
Event: 1303.622 Executing safepoint VM operation: Cleanup
Event: 1303.668 Executing safepoint VM operation: Cleanup done
Event: 1311.725 Executing safepoint VM operation: Cleanup
Event: 1311.725 Executing safepoint VM operation: Cleanup done
Event: 1316.748 Executing safepoint VM operation: Cleanup
Event: 1316.748 Executing safepoint VM operation: Cleanup done
Event: 1323.443 Executing non-safepoint VM operation: HandshakeAllThreads (HandshakeForDeflation)
Event: 1323.443 Executing non-safepoint VM operation: HandshakeAllThreads (HandshakeForDeflation) done
Event: 1323.443 Executing non-safepoint VM operation: RendezvousGCThreads
Event: 1323.443 Executing non-safepoint VM operation: RendezvousGCThreads done

Memory protections (0 events):
No events

Nmethod flushes (20 events):
Event: 353.108 Thread 0x00000206aba2f6a0 flushing  nmethod 0x00000206afc6da10
Event: 353.108 Thread 0x00000206aba2f6a0 flushing  nmethod 0x00000206afc6f590
Event: 353.108 Thread 0x00000206aba2f6a0 flushing  nmethod 0x00000206afc71090
Event: 353.108 Thread 0x00000206aba2f6a0 flushing  nmethod 0x00000206afc72890
Event: 353.108 Thread 0x00000206aba2f6a0 flushing  nmethod 0x00000206afc73c90
Event: 353.108 Thread 0x00000206aba2f6a0 flushing  nmethod 0x00000206afc76b10
Event: 353.108 Thread 0x00000206aba2f6a0 flushing  nmethod 0x00000206afc80090
Event: 353.108 Thread 0x00000206aba2f6a0 flushing  nmethod 0x00000206afc81090
Event: 353.108 Thread 0x00000206aba2f6a0 flushing  nmethod 0x00000206afc82090
Event: 353.108 Thread 0x00000206aba2f6a0 flushing  nmethod 0x00000206afc83c10
Event: 353.108 Thread 0x00000206aba2f6a0 flushing  nmethod 0x00000206afc89410
Event: 353.108 Thread 0x00000206aba2f6a0 flushing  nmethod 0x00000206afc8bc10
Event: 353.108 Thread 0x00000206aba2f6a0 flushing osr nmethod 0x00000206afca5610
Event: 353.108 Thread 0x00000206aba2f6a0 flushing  nmethod 0x00000206afcd3f90
Event: 353.108 Thread 0x00000206aba2f6a0 flushing  nmethod 0x00000206afce9210
Event: 353.108 Thread 0x00000206aba2f6a0 flushing osr nmethod 0x00000206afcef290
Event: 353.108 Thread 0x00000206aba2f6a0 flushing  nmethod 0x00000206afcf0010
Event: 353.108 Thread 0x00000206aba2f6a0 flushing  nmethod 0x00000206afd2e910
Event: 353.108 Thread 0x00000206aba2f6a0 flushing  nmethod 0x00000206afd31590
Event: 353.108 Thread 0x00000206aba2f6a0 flushing  nmethod 0x00000206afdd4010

Events (20 events):
Event: 1158.421 Thread 0x000002070e6d88b0 Thread added: 0x000002070e6d7b90
Event: 1168.278 Thread 0x000002070e6dd0e0 Thread added: 0x000002070e6d8220
Event: 1168.364 Thread 0x000002070e6d8220 Thread added: 0x000002070d74ac10
Event: 1188.367 Thread 0x000002070d74ac10 Thread added: 0x000002070d74b2a0
Event: 1188.403 Thread 0x000002070d74ac10 Thread added: 0x000002070d74d370
Event: 1195.481 Thread 0x000002070d74ac10 Thread added: 0x000002070d74da00
Event: 1200.753 Thread 0x000002070d74da00 Thread added: 0x000002070d74edb0
Event: 1219.804 Thread 0x000002070d74da00 Thread exited: 0x000002070d74da00
Event: 1219.847 Thread 0x000002070e6db6a0 Thread exited: 0x000002070e6db6a0
Event: 1219.863 Thread 0x000002070e6de490 Thread exited: 0x000002070e6de490
Event: 1219.878 Thread 0x000002070e6d7b90 Thread exited: 0x000002070e6d7b90
Event: 1228.387 Thread 0x000002070e6dd0e0 Thread exited: 0x000002070e6dd0e0
Event: 1249.862 Thread 0x000002070d74ac10 Thread exited: 0x000002070d74ac10
Event: 1289.244 Thread 0x000002070e6dde00 Thread exited: 0x000002070e6dde00
Event: 1303.252 Thread 0x000002070e6d6e70 Thread exited: 0x000002070e6d6e70
Event: 1307.077 Thread 0x00000207085721a0 Thread added: 0x000002070d750160
Event: 1307.477 Thread 0x000002070d750160 Thread exited: 0x000002070d750160
Event: 1309.095 Thread 0x00000207085721a0 Thread added: 0x000002070d750160
Event: 1309.177 Thread 0x000002070d750160 Thread exited: 0x000002070d750160
Event: 1349.194 Thread 0x000002070e6da980 Thread exited: 0x000002070e6da980


Dynamic libraries:
0x00007ff6fc4f0000 - 0x00007ff6fc4fe000 	c:\Users\alexa\.vscode-insiders\extensions\redhat.java-1.54.2026040108-win32-x64\jre\21.0.10-win32-x86_64\bin\java.exe
0x00007ffb9d690000 - 0x00007ffb9d888000 	C:\WINDOWS\SYSTEM32\ntdll.dll
0x00007ffb9d430000 - 0x00007ffb9d4f2000 	C:\WINDOWS\System32\KERNEL32.DLL
0x00007ffb9af40000 - 0x00007ffb9b237000 	C:\WINDOWS\System32\KERNELBASE.dll
0x00007ffb97290000 - 0x00007ffb97324000 	C:\WINDOWS\SYSTEM32\apphelp.dll
0x00007ffb9b310000 - 0x00007ffb9b410000 	C:\WINDOWS\System32\ucrtbase.dll
0x00007ffb841b0000 - 0x00007ffb841c8000 	c:\Users\alexa\.vscode-insiders\extensions\redhat.java-1.54.2026040108-win32-x64\jre\21.0.10-win32-x86_64\bin\jli.dll
0x00007ffb9cd60000 - 0x00007ffb9cefd000 	C:\WINDOWS\System32\USER32.dll
0x00007ffb7cee0000 - 0x00007ffb7cefe000 	c:\Users\alexa\.vscode-insiders\extensions\redhat.java-1.54.2026040108-win32-x64\jre\21.0.10-win32-x86_64\bin\VCRUNTIME140.dll
0x00007ffb9b240000 - 0x00007ffb9b262000 	C:\WINDOWS\System32\win32u.dll
0x00007ffb931b0000 - 0x00007ffb9344b000 	C:\WINDOWS\WinSxS\amd64_microsoft.windows.common-controls_6595b64144ccf1df_6.0.19041.6926_none_60b5a53971f8f7e6\COMCTL32.dll
0x00007ffb9d500000 - 0x00007ffb9d59e000 	C:\WINDOWS\System32\msvcrt.dll
0x00007ffb9c8d0000 - 0x00007ffb9c8fb000 	C:\WINDOWS\System32\GDI32.dll
0x00007ffb9ada0000 - 0x00007ffb9aeba000 	C:\WINDOWS\System32\gdi32full.dll
0x00007ffb9b270000 - 0x00007ffb9b30d000 	C:\WINDOWS\System32\msvcp_win.dll
0x00007ffb9c500000 - 0x00007ffb9c52f000 	C:\WINDOWS\System32\IMM32.DLL
0x00007ffb8ed10000 - 0x00007ffb8ed1c000 	c:\Users\alexa\.vscode-insiders\extensions\redhat.java-1.54.2026040108-win32-x64\jre\21.0.10-win32-x86_64\bin\vcruntime140_1.dll
0x00007ffb6a710000 - 0x00007ffb6a79d000 	c:\Users\alexa\.vscode-insiders\extensions\redhat.java-1.54.2026040108-win32-x64\jre\21.0.10-win32-x86_64\bin\msvcp140.dll
0x00007ffb2cc60000 - 0x00007ffb2da01000 	c:\Users\alexa\.vscode-insiders\extensions\redhat.java-1.54.2026040108-win32-x64\jre\21.0.10-win32-x86_64\bin\server\jvm.dll
0x00007ffb9c530000 - 0x00007ffb9c5e1000 	C:\WINDOWS\System32\ADVAPI32.dll
0x00007ffb9c970000 - 0x00007ffb9ca0f000 	C:\WINDOWS\System32\sechost.dll
0x00007ffb9c7a0000 - 0x00007ffb9c8c6000 	C:\WINDOWS\System32\RPCRT4.dll
0x00007ffb9af10000 - 0x00007ffb9af37000 	C:\WINDOWS\System32\bcrypt.dll
0x00007ffb9b880000 - 0x00007ffb9b8eb000 	C:\WINDOWS\System32\WS2_32.dll
0x00007ffb9a220000 - 0x00007ffb9a26b000 	C:\WINDOWS\SYSTEM32\POWRPROF.dll
0x00007ffb95020000 - 0x00007ffb95047000 	C:\WINDOWS\SYSTEM32\WINMM.dll
0x00007ffb91670000 - 0x00007ffb9167a000 	C:\WINDOWS\SYSTEM32\VERSION.dll
0x00007ffb9a0e0000 - 0x00007ffb9a0f2000 	C:\WINDOWS\SYSTEM32\UMPDC.dll
0x00007ffb99530000 - 0x00007ffb99542000 	C:\WINDOWS\SYSTEM32\kernel.appcore.dll
0x00007ffb8ec40000 - 0x00007ffb8ec4a000 	c:\Users\alexa\.vscode-insiders\extensions\redhat.java-1.54.2026040108-win32-x64\jre\21.0.10-win32-x86_64\bin\jimage.dll
0x00007ffb99220000 - 0x00007ffb99421000 	C:\WINDOWS\SYSTEM32\DBGHELP.DLL
0x00007ffb83b40000 - 0x00007ffb83b74000 	C:\WINDOWS\SYSTEM32\dbgcore.DLL
0x00007ffb9ad10000 - 0x00007ffb9ad92000 	C:\WINDOWS\System32\bcryptPrimitives.dll
0x00007ffb97950000 - 0x00007ffb9795f000 	c:\Users\alexa\.vscode-insiders\extensions\redhat.java-1.54.2026040108-win32-x64\jre\21.0.10-win32-x86_64\bin\instrument.dll
0x00007ffb75270000 - 0x00007ffb75290000 	c:\Users\alexa\.vscode-insiders\extensions\redhat.java-1.54.2026040108-win32-x64\jre\21.0.10-win32-x86_64\bin\java.dll
0x00007ffb9bd80000 - 0x00007ffb9c4f1000 	C:\WINDOWS\System32\SHELL32.dll
0x00007ffb989a0000 - 0x00007ffb99146000 	C:\WINDOWS\SYSTEM32\windows.storage.dll
0x00007ffb9ba20000 - 0x00007ffb9bd73000 	C:\WINDOWS\System32\combase.dll
0x00007ffb9a740000 - 0x00007ffb9a76b000 	C:\WINDOWS\SYSTEM32\Wldp.dll
0x00007ffb9b7b0000 - 0x00007ffb9b87d000 	C:\WINDOWS\System32\OLEAUT32.dll
0x00007ffb9b700000 - 0x00007ffb9b7ad000 	C:\WINDOWS\System32\SHCORE.dll
0x00007ffb9c900000 - 0x00007ffb9c95b000 	C:\WINDOWS\System32\shlwapi.dll
0x00007ffb9ac40000 - 0x00007ffb9ac64000 	C:\WINDOWS\SYSTEM32\profapi.dll
0x00007ffb74980000 - 0x00007ffb74998000 	c:\Users\alexa\.vscode-insiders\extensions\redhat.java-1.54.2026040108-win32-x64\jre\21.0.10-win32-x86_64\bin\zip.dll
0x00007ffb8eaa0000 - 0x00007ffb8eab0000 	C:\Users\alexa\.vscode-insiders\extensions\redhat.java-1.54.2026040108-win32-x64\jre\21.0.10-win32-x86_64\bin\net.dll
0x00007ffb91eb0000 - 0x00007ffb91fba000 	C:\WINDOWS\SYSTEM32\WINHTTP.dll
0x00007ffb9a470000 - 0x00007ffb9a4da000 	C:\WINDOWS\system32\mswsock.dll
0x00007ffb74840000 - 0x00007ffb74856000 	C:\Users\alexa\.vscode-insiders\extensions\redhat.java-1.54.2026040108-win32-x64\jre\21.0.10-win32-x86_64\bin\nio.dll
0x00007ffb8e330000 - 0x00007ffb8e340000 	c:\Users\alexa\.vscode-insiders\extensions\redhat.java-1.54.2026040108-win32-x64\jre\21.0.10-win32-x86_64\bin\verify.dll
0x00007ffb83ba0000 - 0x00007ffb83be5000 	C:\Users\alexa\AppData\Roaming\Code - Insiders\User\globalStorage\redhat.java\1.54.2026040108\config_win\org.eclipse.equinox.launcher\org.eclipse.equinox.launcher.win32.win32.x86_64_1.3.0.v20260203-2149\eclipse_11919.dll
0x00007ffb9b8f0000 - 0x00007ffb9ba1b000 	C:\WINDOWS\System32\ole32.dll
0x00007ffb9a6a0000 - 0x00007ffb9a6b8000 	C:\WINDOWS\SYSTEM32\CRYPTSP.dll
0x00007ffb99d20000 - 0x00007ffb99d58000 	C:\WINDOWS\system32\rsaenh.dll
0x00007ffb9abc0000 - 0x00007ffb9abee000 	C:\WINDOWS\SYSTEM32\USERENV.dll
0x00007ffb9a690000 - 0x00007ffb9a69c000 	C:\WINDOWS\SYSTEM32\CRYPTBASE.dll
0x00007ffb9a100000 - 0x00007ffb9a13b000 	C:\WINDOWS\SYSTEM32\IPHLPAPI.DLL
0x00007ffb9cf10000 - 0x00007ffb9cf18000 	C:\WINDOWS\System32\NSI.dll
0x00007ffb770c0000 - 0x00007ffb77109000 	C:\Users\alexa\AppData\Local\Temp\jna-92899843\jna17058732862136450997.dll
0x00007ffb9cf00000 - 0x00007ffb9cf08000 	C:\WINDOWS\System32\PSAPI.DLL
0x00007ffb90670000 - 0x00007ffb90687000 	C:\WINDOWS\SYSTEM32\dhcpcsvc6.DLL
0x00007ffb91fe0000 - 0x00007ffb91ffd000 	C:\WINDOWS\SYSTEM32\dhcpcsvc.DLL
0x00007ffb86940000 - 0x00007ffb86949000 	C:\Users\alexa\.vscode-insiders\extensions\redhat.java-1.54.2026040108-win32-x64\jre\21.0.10-win32-x86_64\bin\extnet.dll

JVMTI agents:
c:\Users\alexa\.vscode-insiders\extensions\redhat.java-1.54.2026040108-win32-x64\lombok\lombok-1.18.39-4050.jar path:c:\Users\alexa\.vscode-insiders\extensions\redhat.java-1.54.2026040108-win32-x64\jre\21.0.10-win32-x86_64\bin\instrument.dll, loaded, initialized, instrumentlib options:none

dbghelp: loaded successfully - version: 4.0.5 - missing functions: none
symbol engine: initialized successfully - sym options: 0x614 - pdb path: .;c:\Users\alexa\.vscode-insiders\extensions\redhat.java-1.54.2026040108-win32-x64\jre\21.0.10-win32-x86_64\bin;C:\WINDOWS\SYSTEM32;C:\WINDOWS\WinSxS\amd64_microsoft.windows.common-controls_6595b64144ccf1df_6.0.19041.6926_none_60b5a53971f8f7e6;c:\Users\alexa\.vscode-insiders\extensions\redhat.java-1.54.2026040108-win32-x64\jre\21.0.10-win32-x86_64\bin\server;C:\Users\alexa\AppData\Roaming\Code - Insiders\User\globalStorage\redhat.java\1.54.2026040108\config_win\org.eclipse.equinox.launcher\org.eclipse.equinox.launcher.win32.win32.x86_64_1.3.0.v20260203-2149;C:\Users\alexa\AppData\Local\Temp\jna-92899843

VM Arguments:
jvm_args: --add-modules=ALL-SYSTEM --add-opens=java.base/java.util=ALL-UNNAMED --add-opens=java.base/java.lang=ALL-UNNAMED --add-opens=java.base/sun.nio.fs=ALL-UNNAMED -Declipse.application=org.eclipse.jdt.ls.core.id1 -Dosgi.bundles.defaultStartLevel=4 -Declipse.product=org.eclipse.jdt.ls.core.product -Djava.import.generatesMetadataFilesAtProjectRoot=false -DDetectVMInstallationsJob.disabled=true -Dfile.encoding=utf8 -XX:+UseParallelGC -XX:GCTimeRatio=4 -XX:AdaptiveSizePolicyWeight=90 -Dsun.zip.disableMemoryMapping=true -Xmx2G -Xms100m -Xlog:disable -javaagent:c:\Users\alexa\.vscode-insiders\extensions\redhat.java-1.54.2026040108-win32-x64\lombok\lombok-1.18.39-4050.jar -XX:+HeapDumpOnOutOfMemoryError -XX:HeapDumpPath=c:\Users\alexa\AppData\Roaming\Code - Insiders\User\workspaceStorage\bface7c822dfd51296135411ba189900\redhat.java -Daether.dependencyCollector.impl=bf -Djdt.core.sharedIndexLocation=C:\Users\alexa\AppData\Roaming\.jdt\index -XX:+UnlockDiagnosticVMOptions -XX:+AllowArchivingWithJavaAgent -XX:+AutoCreateSharedArchive -XX:SharedArchiveFile=c:\Users\alexa\AppData\Roaming\Code - Insiders\User\globalStorage\redhat.java\1.54.2026040108\jdtls.jsa 
java_command: c:\Users\alexa\.vscode-insiders\extensions\redhat.java-1.54.2026040108-win32-x64\server\plugins\org.eclipse.equinox.launcher_1.7.100.v20251111-0406.jar -configuration c:\Users\alexa\AppData\Roaming\Code - Insiders\User\globalStorage\redhat.java\1.54.2026040108\config_win -data c:\Users\alexa\AppData\Roaming\Code - Insiders\User\workspaceStorage\bface7c822dfd51296135411ba189900\redhat.java\jdt_ws --pipe=\\.\pipe\lsp-3fcc3b549d13e71a21addfcd964dff6b-sock
java_class_path (initial): c:\Users\alexa\.vscode-insiders\extensions\redhat.java-1.54.2026040108-win32-x64\server\plugins\org.eclipse.equinox.launcher_1.7.100.v20251111-0406.jar
Launcher Type: SUN_STANDARD

[Global flags]
    uintx AdaptiveSizePolicyWeight                 = 90                                        {product} {command line}
     bool AllowArchivingWithJavaAgent              = true                             {JVMCI diagnostic} {command line}
     bool AutoCreateSharedArchive                  = false                               {JVMCI product} {command line}
     intx CICompilerCount                          = 3                                         {product} {ergonomic}
    uintx GCTimeRatio                              = 4                                         {product} {command line}
     bool HeapDumpOnOutOfMemoryError               = true                                   {manageable} {command line}
    ccstr HeapDumpPath                             = c:\Users\alexa\AppData\Roaming\Code - Insiders\User\workspaceStorage\bface7c822dfd51296135411ba189900\redhat.java         {manageable} {command line}
   size_t InitialHeapSize                          = 104857600                                 {product} {command line}
   size_t MaxHeapSize                              = 2147483648                                {product} {command line}
   size_t MaxNewSize                               = 715653120                                 {product} {ergonomic}
   size_t MinHeapDeltaBytes                        = 524288                                    {product} {ergonomic}
   size_t MinHeapSize                              = 104857600                                 {product} {command line}
   size_t NewSize                                  = 34603008                                  {product} {ergonomic}
    uintx NonNMethodCodeHeapSize                   = 5832780                                {pd product} {ergonomic}
    uintx NonProfiledCodeHeapSize                  = 122912730                              {pd product} {ergonomic}
   size_t OldSize                                  = 70254592                                  {product} {ergonomic}
    uintx ProfiledCodeHeapSize                     = 122912730                              {pd product} {ergonomic}
    uintx ReservedCodeCacheSize                    = 251658240                              {pd product} {ergonomic}
     bool SegmentedCodeCache                       = true                                      {product} {ergonomic}
    ccstr SharedArchiveFile                        = c:\Users\alexa\AppData\Roaming\Code - Insiders\User\globalStorage\redhat.java\1.54.2026040108\jdtls.jsa      {JVMCI product} {command line}
   size_t SoftMaxHeapSize                          = 2147483648                             {manageable} {ergonomic}
     bool UnlockDiagnosticVMOptions                = true                                   {diagnostic} {command line}
     bool UseCompressedOops                        = true                           {product lp64_product} {ergonomic}
     bool UseLargePagesIndividualAllocation        = false                                  {pd product} {ergonomic}
     bool UseParallelGC                            = true                                      {product} {command line}

Logging:
Log output configuration:
 #0: stdout all=off uptime,level,tags foldmultilines=false
 #1: stderr all=off uptime,level,tags foldmultilines=false

Release file:
JAVA_VERSION="21.0.10" 
MODULES="java.base java.compiler java.datatransfer java.xml java.prefs java.desktop java.instrument java.logging java.management java.security.sasl java.naming java.rmi java.management.rmi java.net.http java.scripting java.security.jgss java.transaction.xa java.sql java.sql.rowset java.xml.crypto java.se java.smartcardio jdk.accessibility jdk.internal.jvmstat jdk.attach jdk.charsets jdk.internal.opt jdk.zipfs jdk.compiler jdk.crypto.ec jdk.crypto.cryptoki jdk.crypto.mscapi jdk.dynalink jdk.internal.ed jdk.editpad jdk.hotspot.agent jdk.httpserver jdk.internal.le jdk.internal.vm.ci jdk.internal.vm.compiler jdk.internal.vm.compiler.management jdk.jartool jdk.javadoc jdk.jcmd jdk.management jdk.management.agent jdk.jconsole jdk.jdeps jdk.jdwp.agent jdk.jdi jdk.jfr jdk.jshell jdk.jsobject jdk.jstatd jdk.localedata jdk.management.jfr jdk.naming.dns jdk.naming.rmi jdk.net jdk.nio.mapmode jdk.random jdk.sctp jdk.security.auth jdk.security.jgss jdk.unsupported jdk.unsupported.desktop jdk.xml.dom" 

Environment Variables:
JAVA_HOME=C:\Users\alexa\AppData\Local\Programs\Eclipse Adoptium\jdk-17.0.17.10-hotspot\bin\java.exe
PATH=C:\Users\alexa\AppData\Local\Programs\Eclipse Adoptium\jdk-17.0.17.10-hotspot\bin\java.exe\bin;C:\Program Files\nvm;C:\Program Files\nodejs;C:\Program Files (x86)\Intel\Intel(R) Management Engine Components\iCLS\;C:\Program Files\Intel\Intel(R) Management Engine Components\iCLS\;C:\WINDOWS\system32;C:\WINDOWS;C:\WINDOWS\System32\Wbem;C:\WINDOWS\System32\WindowsPowerShell\v1.0\;C:\Program Files (x86)\Intel\Intel(R) Management Engine Components\DAL;C:\Program Files\Intel\Intel(R) Management Engine Components\DAL;C:\Program Files (x86)\Intel\Intel(R) Management Engine Components\IPT;C:\Program Files\Intel\Intel(R) Management Engine Components\IPT;C:\WINDOWS\System32\OpenSSH\;C:\wamp64\bin\php\php8.4.15;C:\ProgramData\ComposerSetup\bin;C:\Program Files\dotnet\;C:\Program Files\Git\cmd;C:\Users\alexa\AppData\Local\nvm;C:\nvm4w\nodejs;C:\Program Files\MySQL\MySQL Server 8.0\bin;C:\Users\alexa\AppData\Local\Programs\Eclipse Adoptium\jdk-17.0.17.10-hotspot\bin;C:\Program Files\nvm;C:\Program Files\nodejs;C:\Users\alexa\scoop\shims;C:\Users\alexa\AppData\Local\Programs\Python\Launcher\;C:\Users\alexa\AppData\Local\Microsoft\WindowsApps;C:\Program Files\JetBrains\IntelliJ IDEA 2025.1.3\bin;;C:\Program Files\JetBrains\PhpStorm 2025.3.1.1\bin;C:\wamp64\bin\php\php8.4.15;C:\Users\alexa\AppData\Roaming\Composer\vendor\bin;C:\Users\alexa\AppData\Local\nvm;C:\nvm4w\nodejs;C:\Users\alexa\.dotnet\tools;C:\Program Files\JetBrains\WebStorm 2025.3.3\bin;C:\Users\alexa\AppData\Local\Programs\Microsoft VS Code Insiders\bin;
USERNAME=alexa
OS=Windows_NT
PROCESSOR_IDENTIFIER=Intel64 Family 6 Model 142 Stepping 9, GenuineIntel
TMP=C:\Users\alexa\AppData\Local\Temp
TEMP=C:\Users\alexa\AppData\Local\Temp




Periodic native trim disabled

---------------  S Y S T E M  ---------------

OS:
 Windows 10 , 64 bit Build 19041 (10.0.19041.6807)
OS uptime: 10 days 18:47 hours

CPU: total 4 (initial active 4) (2 cores per cpu, 2 threads per core) family 6 model 142 stepping 9 microcode 0xb4, cx8, cmov, fxsr, ht, mmx, 3dnowpref, sse, sse2, sse3, ssse3, sse4.1, sse4.2, popcnt, lzcnt, tsc, tscinvbit, aes, erms, clmul, clflush, clflushopt, rdtscp
Processor Information for the first 4 processors :
  Max Mhz: 2301, Current Mhz: 2301, Mhz Limit: 2301

Memory: 4k page, system-wide physical 4005M (28M free)
TotalPageFile size 16293M (AvailPageFile size 5M)
current process WorkingSet (physical memory assigned to process): 7M, peak: 345M
current process commit charge ("private bytes"): 638M, peak: 641M

vm_info: OpenJDK 64-Bit Server VM (21.0.10+7-LTS) for windows-amd64 JRE (21.0.10+7-LTS), built on 2026-01-20T00:00:00Z by "admin" with MS VC++ 17.12 (VS2022)

END.
